<?xml version="1.0" encoding="UTF-8"?>
<!-- Generated by org.testng.reporters.JUnitReportReporter -->
<testsuite hostname="DESKTOP-R5FUEAI" failures="0" tests="2" name="com.TeseCases.LOginPageTest" time="13.341" errors="0" timestamp="2022-11-13T14:44:12 CST" skipped="0">
  <testcase classname="com.TeseCases.LOginPageTest" name="VerifyTitleofThePage" time="4.828"/>
  <system-out/>
  <testcase classname="com.TeseCases.LOginPageTest" name="VerifyLoginPage" time="8.513"/>
  <system-out/>
</testsuite> <!-- com.TeseCases.LOginPageTest -->
