<?xml version="1.0" encoding="UTF-8"?>
<!-- Generated by org.testng.reporters.JUnitReportReporter -->
<testsuite hostname="DESKTOP-R5FUEAI" failures="0" tests="1" name="com.TeseCases.productAndeServiceTest" time="0.000" errors="0" timestamp="2022-11-09T12:28:50 CST" skipped="1">
  <testcase classname="com.TeseCases.productAndeServiceTest" name="CreateNewOrder" time="0.000">
    <skipped/>
  </testcase> <!-- CreateNewOrder -->
  <system-out/>
</testsuite> <!-- com.TeseCases.productAndeServiceTest -->
